  Application.cpp
C:\Users\ganda\Documents\GitHub\DirectX-11-Project\Application.cpp(503,60): warning C4244: 'argument': conversion from 'double' to 'float', possible loss of data
C:\Users\ganda\Documents\GitHub\DirectX-11-Project\Application.cpp(519,60): warning C4244: 'argument': conversion from 'double' to 'float', possible loss of data
C:\Users\ganda\Documents\GitHub\DirectX-11-Project\Application.cpp(524,60): warning C4244: 'argument': conversion from 'double' to 'float', possible loss of data
C:\Users\ganda\Documents\GitHub\DirectX-11-Project\Application.cpp(526,60): warning C4244: 'argument': conversion from 'double' to 'float', possible loss of data
C:\Users\ganda\Documents\GitHub\DirectX-11-Project\Application.cpp(531,61): warning C4244: 'argument': conversion from 'double' to 'float', possible loss of data
C:\Users\ganda\Documents\GitHub\DirectX-11-Project\Application.cpp(533,61): warning C4244: 'argument': conversion from 'double' to 'float', possible loss of data
C:\Users\ganda\Documents\GitHub\DirectX-11-Project\Application.cpp(542,60): warning C4244: 'argument': conversion from 'double' to 'float', possible loss of data
C:\Users\ganda\Documents\GitHub\DirectX-11-Project\Application.cpp(556,61): warning C4244: 'argument': conversion from 'double' to 'float', possible loss of data
C:\Users\ganda\Documents\GitHub\DirectX-11-Project\Application.cpp(558,61): warning C4244: 'argument': conversion from 'double' to 'float', possible loss of data
C:\Users\ganda\Documents\GitHub\DirectX-11-Project\Application.cpp(566,61): warning C4244: 'argument': conversion from 'double' to 'float', possible loss of data
C:\Users\ganda\Documents\GitHub\DirectX-11-Project\Application.cpp(571,30): warning C4244: 'initializing': conversion from 'int' to 'float', possible loss of data
C:\Users\ganda\Documents\GitHub\DirectX-11-Project\Application.cpp(572,34): warning C4244: 'initializing': conversion from 'int' to 'float', possible loss of data
C:\Users\ganda\Documents\GitHub\DirectX-11-Project\Application.cpp(579,65): warning C4244: 'argument': conversion from 'double' to 'float', possible loss of data
C:\Users\ganda\Documents\GitHub\DirectX-11-Project\Application.cpp(573,13): warning C4189: 'v1': local variable is initialized but not referenced
  DX11 Framework.cpp
  Vector3D.cpp
C:\Users\ganda\Documents\GitHub\DirectX-11-Project\Vector3D.cpp(80,50): warning C4239: nonstandard extension used: 'return': conversion from 'vector3d' to 'vector3d &'
C:\Users\ganda\Documents\GitHub\DirectX-11-Project\Vector3D.cpp(80,50): message : A non-const reference may only be bound to an lvalue
C:\Users\ganda\Documents\GitHub\DirectX-11-Project\Vector3D.cpp(101,40): warning C4100: 'vec': unreferenced formal parameter
C:\Users\ganda\Documents\GitHub\DirectX-11-Project\Vector3D.cpp(107,42): warning C4100: 'vec': unreferenced formal parameter
  Generating Code...
C:\Users\ganda\Documents\GitHub\DirectX-11-Project\Vector3D.cpp(80): warning C4172: returning address of local variable or temporary
Application.obj : warning LNK4075: ignoring '/EDITANDCONTINUE' due to '/SAFESEH' specification
  DX11 Framework.vcxproj -> C:\Users\ganda\Documents\GitHub\DirectX-11-Project\Debug\DX11 Framework.exe
