c:\users\sf10\downloads\dx11 framework 2016\debug\vc140.pdb
c:\users\sf10\downloads\dx11 framework 2016\debug\vc140.idb
c:\users\sf10\downloads\dx11 framework 2016\debug\dx11 framework.obj
c:\users\sf10\downloads\dx11 framework 2016\debug\application.obj
c:\users\sf10\downloads\dx11 framework 2016\debug\dx11 framework.ilk
c:\users\sf10\downloads\dx11 framework 2016\debug\dx11 framework.exe
c:\users\sf10\downloads\dx11 framework 2016\debug\dx11 framework.pdb
c:\users\sf10\downloads\dx11 framework 2016\debug\dx11 framework.res
c:\users\ganda\downloads\dx11 framework 2020\dx11 framework 2018\debug\application.obj
c:\users\ganda\downloads\dx11 framework 2020\dx11 framework 2018\debug\dx11 framework.obj
c:\users\ganda\downloads\dx11 framework 2020\dx11 framework 2018\debug\dx11 framework.ilk
c:\users\ganda\downloads\dx11 framework 2020\dx11 framework 2018\debug\dx11 framework.res
c:\users\ganda\downloads\dx11 framework 2020\dx11 framework 2018\debug\vc140.idb
c:\users\ganda\downloads\dx11 framework 2020\dx11 framework 2018\debug\dx11 framework.pdb
c:\users\ganda\downloads\dx11 framework 2020\dx11 framework 2018\debug\vc140.pdb
c:\users\ganda\downloads\dx11 framework 2020\dx11 framework 2018\debug\dx11 framework.exe
c:\users\ganda\downloads\dx11 framework 2020\dx11 framework 2018\debug\dx11 framework.tlog\cl.command.1.tlog
c:\users\ganda\downloads\dx11 framework 2020\dx11 framework 2018\debug\dx11 framework.tlog\cl.read.1.tlog
c:\users\ganda\downloads\dx11 framework 2020\dx11 framework 2018\debug\dx11 framework.tlog\cl.write.1.tlog
c:\users\ganda\downloads\dx11 framework 2020\dx11 framework 2018\debug\dx11 framework.tlog\link.command.1.tlog
c:\users\ganda\downloads\dx11 framework 2020\dx11 framework 2018\debug\dx11 framework.tlog\link.read.1.tlog
c:\users\ganda\downloads\dx11 framework 2020\dx11 framework 2018\debug\dx11 framework.tlog\link.write.1.tlog
c:\users\ganda\downloads\dx11 framework 2020\dx11 framework 2018\debug\dx11 framework.tlog\rc.command.1.tlog
c:\users\ganda\downloads\dx11 framework 2020\dx11 framework 2018\debug\dx11 framework.tlog\rc.read.1.tlog
c:\users\ganda\downloads\dx11 framework 2020\dx11 framework 2018\debug\dx11 framework.tlog\rc.write.1.tlog
